<?xml version="1.0" encoding="UTF-8"?>
<!-- Generated by org.testng.reporters.JUnitReportReporter -->
<testsuite hostname="Dell" failures="0" tests="1" name="LeadModuleWithBaseClass.TC_27" time="30.530" errors="0" timestamp="2021-10-08T11:05:08 IST" skipped="0">
  <testcase classname="LeadModuleWithBaseClass.TC_27" name="tC_27" time="30.530"/>
  <system-out/>
</testsuite> <!-- LeadModuleWithBaseClass.TC_27 -->
