<?xml version="1.0" encoding="UTF-8"?>
<!-- Generated by org.testng.reporters.JUnitReportReporter -->
<testsuite hostname="Dell" failures="0" tests="1" name="LeadModule.TC_26" time="34.588" errors="0" timestamp="2021-10-07T12:11:50 IST" skipped="0">
  <testcase classname="LeadModule.TC_26" name="tC_26" time="34.588"/>
  <system-out/>
</testsuite> <!-- LeadModule.TC_26 -->
