<?xml version="1.0" encoding="UTF-8"?>
<!-- Generated by org.testng.reporters.JUnitReportReporter -->
<testsuite hostname="Dell" failures="0" tests="1" name="PracticeTC.testingPOMprograms" time="15.242" errors="0" timestamp="2021-10-05T11:13:18 IST" skipped="0">
  <testcase classname="PracticeTC.testingPOMprograms" name="Testing" time="15.242"/>
  <system-out/>
</testsuite> <!-- PracticeTC.testingPOMprograms -->
