<?xml version="1.0" encoding="UTF-8"?>
<!-- Generated by org.testng.reporters.JUnitReportReporter -->
<testsuite hostname="Dell" failures="0" tests="1" name="PracticeTC.ExcelSheetIssue" time="1.779" errors="0" timestamp="2021-10-01T15:41:25 IST" skipped="0">
  <testcase classname="PracticeTC.ExcelSheetIssue" name="ExcelSheetIssue" time="1.779"/>
  <system-out/>
</testsuite> <!-- PracticeTC.ExcelSheetIssue -->
