<?xml version="1.0" encoding="UTF-8"?>
<!-- Generated by org.testng.reporters.JUnitReportReporter -->
<testsuite hostname="Dell" failures="0" tests="1" name="PracticeTC.CreateContacts" time="31.567" errors="0" timestamp="2021-10-07T00:06:55 IST" skipped="0">
  <testcase classname="PracticeTC.CreateContacts" name="createContacts" time="31.567"/>
  <system-out/>
</testsuite> <!-- PracticeTC.CreateContacts -->
