<?xml version="1.0" encoding="UTF-8"?>
<!-- Generated by org.testng.reporters.JUnitReportReporter -->
<testsuite hostname="Dell" failures="0" tests="1" name="LeadModule.TC_27" time="30.453" errors="0" timestamp="2021-10-07T16:28:04 IST" skipped="0">
  <testcase classname="LeadModule.TC_27" name="tC_26" time="30.453"/>
  <system-out/>
</testsuite> <!-- LeadModule.TC_27 -->
