<?xml version="1.0" encoding="UTF-8"?>
<!-- Generated by org.testng.reporters.JUnitReportReporter -->
<testsuite hostname="Dell" failures="0" tests="1" name="PracticeTC.CreateOrg" time="27.951" errors="0" timestamp="2021-10-06T22:58:12 IST" skipped="0">
  <testcase classname="PracticeTC.CreateOrg" name="createOrg" time="27.951"/>
  <system-out/>
</testsuite> <!-- PracticeTC.CreateOrg -->
